<?xml version="1.0" encoding="UTF-8"?>
<!-- Generated by org.testng.reporters.JUnitReportReporter -->
<testsuite hostname="IvanasDator" name="se.nackademin.examination.examination_jacoco.ConversorTest" tests="4" failures="0" timestamp="20 Oct 2016 10:34:37 GMT" time="0.001" errors="0">
  <testcase name="testSetAndGetCityConverter" time="0.000" classname="se.nackademin.examination.examination_jacoco.ConversorTest"/>
  <testcase name="testSetAndGetAgeConverterArrayValues" time="0.000" classname="se.nackademin.examination.examination_jacoco.ConversorTest"/>
  <testcase name="testConversor" time="0.000" classname="se.nackademin.examination.examination_jacoco.ConversorTest"/>
  <testcase name="testSetAndGetGenderConverterArrayValues" time="0.001" classname="se.nackademin.examination.examination_jacoco.ConversorTest"/>
</testsuite> <!-- se.nackademin.examination.examination_jacoco.ConversorTest -->
