<?xml version="1.0" encoding="UTF-8"?>
<!-- Generated by org.testng.reporters.JUnitReportReporter -->
<testsuite hostname="IvanasDator" name="se.nackademin.examination.examination_jacoco.DataAnalysisTest" tests="3" failures="0" timestamp="20 Oct 2016 10:34:37 GMT" time="0.000" errors="0">
  <testcase name="testGetResultStringNamesAndAge" time="0.000" classname="se.nackademin.examination.examination_jacoco.DataAnalysisTest"/>
  <testcase name="testGetResulStringHomecityAndAge" time="0.000" classname="se.nackademin.examination.examination_jacoco.DataAnalysisTest"/>
  <testcase name="testBuildFinalString" time="0.000" classname="se.nackademin.examination.examination_jacoco.DataAnalysisTest"/>
</testsuite> <!-- se.nackademin.examination.examination_jacoco.DataAnalysisTest -->
